0 info it worked if it ends with ok
1 verbose cli [ 'c:\\Program Files\\nodejs\\node.exe',
1 verbose cli   'C:\\Users\\Simon\\AppData\\Roaming\\npm\\node_modules\\npm\\bin\\npm-cli.js',
1 verbose cli   'publish' ]
2 info using npm@3.10.8
3 info using node@v6.3.1
4 verbose publish [ '.' ]
5 silly cache add args [ '.', null ]
6 verbose cache add spec .
7 silly cache add parsed spec Result {
7 silly cache add   raw: '.',
7 silly cache add   scope: null,
7 silly cache add   escapedName: null,
7 silly cache add   name: null,
7 silly cache add   rawSpec: '.',
7 silly cache add   spec: 'c:\\Users\\Simon\\Work\\rb-gulp-tasks',
7 silly cache add   type: 'directory' }
8 verbose addLocalDirectory C:\Users\Simon\AppData\Roaming\npm-cache\rb-gulp-tasks\1.0.1\package.tgz not in flight; packing
9 verbose correctMkdir C:\Users\Simon\AppData\Roaming\npm-cache correctMkdir not in flight; initializing
10 info lifecycle rb-gulp-tasks@1.0.1~prepublish: rb-gulp-tasks@1.0.1
11 verbose lifecycle rb-gulp-tasks@1.0.1~prepublish: unsafe-perm in lifecycle true
12 verbose lifecycle rb-gulp-tasks@1.0.1~prepublish: PATH: C:\Users\Simon\AppData\Roaming\npm\node_modules\npm\bin\node-gyp-bin;c:\Users\Simon\Work\rb-gulp-tasks\node_modules\.bin;c:\Users\Simon\bin;.;C:\Program Files (x86)\Git\local\bin;C:\Program Files (x86)\Git\mingw\bin;C:\Program Files (x86)\Git\bin;c:\ProgramData\Oracle\Java\javapath;c:\program files\graphicsmagick-1.3.21-q16;c:\Program Files (x86)\Intel\iCLS Client\;c:\Program Files\Intel\iCLS Client\;c:\Program Files (x86)\NVIDIA Corporation\PhysX\Common;c:\WINDOWS\system32;c:\WINDOWS;c:\WINDOWS\System32\Wbem;c:\WINDOWS\System32\WindowsPowerShell\v1.0\;c:\Program Files\Intel\Intel(R) Management Engine Components\DAL;c:\Program Files\Intel\Intel(R) Management Engine Components\IPT;c:\Program Files (x86)\Intel\Intel(R) Management Engine Components\DAL;c:\Program Files (x86)\Intel\Intel(R) Management Engine Components\IPT;C:\Program Files (x86)\Git\cmd;c:\xampp\php;c:\ProgramData\ComposerSetup\bin;c:\Program Files (x86)\Skype\Phone\;c:\Program Files (x86)\Brackets\command;c:\HashiCorp\Vagrant\bin;c:\Program Files\nodejs\;c:\Program Files (x86)\Heroku\bin;c:\Program Files (x86)\Windows Kits\8.1\Windows Performance Toolkit\;c:\Python34;c:\Python34\scripts;c:\Users\Simon\AppData\Local\.meteor\;c:\Users\Simon\AppData\Roaming\Composer\vendor\bin;c:\wp-cli;c:\Users\Simon\AppData\Local\atom\bin;c:\Users\Simon\AppData\Roaming\npm;c:\tools;c:\Ruby231-x64\bin;c:\Users\Simon\AppData\Local\Android\sdk\platform-tools;c:\Program Files (x86)\GnuWin32\bin;C;C:\Program Files (x86)\Git\Program Files\MongoDB\Server\3.2\bin;C;C:\Program Files (x86)\Git\DevKit\Bin
13 verbose lifecycle rb-gulp-tasks@1.0.1~prepublish: CWD: c:\Users\Simon\Work\rb-gulp-tasks
14 silly lifecycle rb-gulp-tasks@1.0.1~prepublish: Args: [ '/d /s /c', 'npm run compile' ]
15 silly lifecycle rb-gulp-tasks@1.0.1~prepublish: Returned: code: 0  signal: null
16 verbose tar pack [ 'C:\\Users\\Simon\\AppData\\Roaming\\npm-cache\\rb-gulp-tasks\\1.0.1\\package.tgz',
16 verbose tar pack   'c:\\Users\\Simon\\Work\\rb-gulp-tasks' ]
17 verbose tarball C:\Users\Simon\AppData\Roaming\npm-cache\rb-gulp-tasks\1.0.1\package.tgz
18 verbose folder c:\Users\Simon\Work\rb-gulp-tasks
19 verbose addLocalTarball adding from inside cache C:\Users\Simon\AppData\Roaming\npm-cache\rb-gulp-tasks\1.0.1\package.tgz
20 verbose correctMkdir C:\Users\Simon\AppData\Roaming\npm-cache correctMkdir not in flight; initializing
21 silly cache afterAdd rb-gulp-tasks@1.0.1
22 verbose afterAdd C:\Users\Simon\AppData\Roaming\npm-cache\rb-gulp-tasks\1.0.1\package\package.json not in flight; writing
23 verbose correctMkdir C:\Users\Simon\AppData\Roaming\npm-cache correctMkdir not in flight; initializing
24 verbose afterAdd C:\Users\Simon\AppData\Roaming\npm-cache\rb-gulp-tasks\1.0.1\package\package.json written
25 silly publish { name: 'rb-gulp-tasks',
25 silly publish   version: '1.0.1',
25 silly publish   description: 'Library of commonly used build tasks',
25 silly publish   main: 'lib/index.js',
25 silly publish   scripts: { compile: 'babel -d lib/ src/', prepublish: 'npm run compile' },
25 silly publish   repository:
25 silly publish    { type: 'git',
25 silly publish      url: 'git+https://github.com/redbullet/rb-gulp-tasks.git' },
25 silly publish   author: { name: 'Red Bullet' },
25 silly publish   license: 'ISC',
25 silly publish   homepage: 'https://github.com/redbullet/rb-gulp-tasks',
25 silly publish   dependencies:
25 silly publish    { 'babel-cli': '^6.18.0',
25 silly publish      'babel-plugin-transform-object-rest-spread': '^6.16.0',
25 silly publish      'babel-preset-es2015': '^6.18.0',
25 silly publish      babelify: '^7.2.0',
25 silly publish      backstopjs: '^1.3.5',
25 silly publish      'browser-sync': '^2.11.0',
25 silly publish      browserify: '^13.0.0',
25 silly publish      cssnano: '^3.4.0',
25 silly publish      gulp: '^3.9.0',
25 silly publish      'gulp-cache': '^0.4.1',
25 silly publish      'gulp-changed': '^1.3.0',
25 silly publish      'gulp-chug': '^0.5.1',
25 silly publish      'gulp-debug': '^2.1.2',
25 silly publish      'gulp-eslint': '^3.0.1',
25 silly publish      'gulp-exec': '^2.1.2',
25 silly publish      'gulp-filter': '^4.0.0',
25 silly publish      'gulp-if': '^2.0.0',
25 silly publish      'gulp-imagemin': '^3.0.2',
25 silly publish      'gulp-phpcs': '^1.1.1',
25 silly publish      'gulp-phplint': '^0.1.0',
25 silly publish      'gulp-postcss': '^6.0.1',
25 silly publish      'gulp-rev-all': '^0.8.22',
25 silly publish      'gulp-sass': '^2.1.1',
25 silly publish      'gulp-sass-glob': '^1.0.6',
25 silly publish      'gulp-sass-lint': '^1.3.2',
25 silly publish      'gulp-scss-lint': '^0.4.0',
25 silly publish      'gulp-sourcemaps': '^1.6.0',
25 silly publish      'gulp-uglify': '^1.5.1',
25 silly publish      'gulp-util': '^3.0.7',
25 silly publish      'postcss-cssnext': '^2.4.0',
25 silly publish      'run-sequence': '^1.1.5',
25 silly publish      'vinyl-buffer': '^1.0.0',
25 silly publish      'vinyl-paths': '^2.1.0',
25 silly publish      'vinyl-source-stream': '^1.1.0',
25 silly publish      watchify: '^3.7.0' },
25 silly publish   readme: 'WIP. Library of common gulp tasks we use across our in-house projects at [Red Bullet](http://redbullet.co.uk).\n',
25 silly publish   readmeFilename: 'README.md',
25 silly publish   gitHead: '2907e2a6a38993707dc0cd7e1dc6f28e024202e6',
25 silly publish   bugs: { url: 'https://github.com/redbullet/rb-gulp-tasks/issues' },
25 silly publish   _id: 'rb-gulp-tasks@1.0.1',
25 silly publish   _shasum: '258677512677e62f88628f8a44758d46520a55f5',
25 silly publish   _from: '.' }
26 verbose getPublishConfig undefined
27 silly mapToRegistry name rb-gulp-tasks
28 silly mapToRegistry using default registry
29 silly mapToRegistry registry https://registry.npmjs.org/
30 silly mapToRegistry data Result {
30 silly mapToRegistry   raw: 'rb-gulp-tasks',
30 silly mapToRegistry   scope: null,
30 silly mapToRegistry   escapedName: 'rb-gulp-tasks',
30 silly mapToRegistry   name: 'rb-gulp-tasks',
30 silly mapToRegistry   rawSpec: '',
30 silly mapToRegistry   spec: 'latest',
30 silly mapToRegistry   type: 'tag' }
31 silly mapToRegistry uri https://registry.npmjs.org/rb-gulp-tasks
32 verbose publish registryBase https://registry.npmjs.org/
33 silly publish uploading C:\Users\Simon\AppData\Roaming\npm-cache\rb-gulp-tasks\1.0.1\package.tgz
34 verbose request uri https://registry.npmjs.org/rb-gulp-tasks
35 verbose request sending authorization for write operation
36 info attempt registry request try #1 at 10:54:43 AM
37 verbose request using bearer token for auth
38 verbose request id c8e6671545daf680
39 http request PUT https://registry.npmjs.org/rb-gulp-tasks
40 http 403 https://registry.npmjs.org/rb-gulp-tasks
41 verbose headers { 'content-type': 'application/json',
41 verbose headers   'cache-control': 'max-age=300',
41 verbose headers   'content-length': '95',
41 verbose headers   'accept-ranges': 'bytes',
41 verbose headers   date: 'Wed, 04 Jan 2017 10:54:45 GMT',
41 verbose headers   via: '1.1 varnish',
41 verbose headers   connection: 'keep-alive',
41 verbose headers   'x-served-by': 'cache-lcy1145-LCY',
41 verbose headers   'x-cache': 'MISS',
41 verbose headers   'x-cache-hits': '0',
41 verbose headers   'x-timer': 'S1483527284.500390,VS0,VE923',
41 verbose headers   vary: 'Accept-Encoding' }
42 verbose request invalidating C:\Users\Simon\AppData\Roaming\npm-cache\registry.npmjs.org\rb-gulp-tasks on PUT
43 error publish Failed PUT 403
44 verbose stack Error: "You cannot publish over the previously published version 1.0.1." : rb-gulp-tasks
44 verbose stack     at makeError (C:\Users\Simon\AppData\Roaming\npm\node_modules\npm\node_modules\npm-registry-client\lib\request.js:302:12)
44 verbose stack     at CachingRegistryClient.<anonymous> (C:\Users\Simon\AppData\Roaming\npm\node_modules\npm\node_modules\npm-registry-client\lib\request.js:290:14)
44 verbose stack     at Request._callback (C:\Users\Simon\AppData\Roaming\npm\node_modules\npm\node_modules\npm-registry-client\lib\request.js:210:14)
44 verbose stack     at Request.self.callback (C:\Users\Simon\AppData\Roaming\npm\node_modules\npm\node_modules\request\request.js:187:22)
44 verbose stack     at emitTwo (events.js:106:13)
44 verbose stack     at Request.emit (events.js:191:7)
44 verbose stack     at Request.<anonymous> (C:\Users\Simon\AppData\Roaming\npm\node_modules\npm\node_modules\request\request.js:1044:10)
44 verbose stack     at emitOne (events.js:96:13)
44 verbose stack     at Request.emit (events.js:188:7)
44 verbose stack     at IncomingMessage.<anonymous> (C:\Users\Simon\AppData\Roaming\npm\node_modules\npm\node_modules\request\request.js:965:12)
45 verbose statusCode 403
46 verbose pkgid rb-gulp-tasks
47 verbose cwd c:\Users\Simon\Work\rb-gulp-tasks
48 error Windows_NT 6.3.9600
49 error argv "c:\\Program Files\\nodejs\\node.exe" "C:\\Users\\Simon\\AppData\\Roaming\\npm\\node_modules\\npm\\bin\\npm-cli.js" "publish"
50 error node v6.3.1
51 error npm  v3.10.8
52 error code E403
53 error "You cannot publish over the previously published version 1.0.1." : rb-gulp-tasks
54 error If you need help, you may report this error at:
54 error     <https://github.com/npm/npm/issues>
55 verbose exit [ 1, true ]
